#
# There is insufficient memory for the Java Runtime Environment to continue.
# Native memory allocation (mmap) failed to map 100663296 bytes for G1 virtual space
# Possible reasons:
#   The system is out of physical RAM or swap space
#   The process is running with CompressedOops enabled, and the Java Heap may be blocking the growth of the native heap
# Possible solutions:
#   Reduce memory load on the system
#   Increase physical memory or swap space
#   Check if swap backing store is full
#   Decrease Java heap size (-Xmx/-Xms)
#   Decrease number of Java threads
#   Decrease Java thread stack sizes (-Xss)
#   Set larger code cache with -XX:ReservedCodeCacheSize=
#   JVM is running with Unscaled Compressed Oops mode in which the Java heap is
#     placed in the first 4GB address space. The Java Heap base address is the
#     maximum limit for the native heap growth. Please use -XX:HeapBaseMinAddress
#     to set the Java Heap base and to place the Java Heap above 4GB virtual address.
# This output file may be truncated or incomplete.
#
#  Out of Memory Error (os_windows.cpp:3528), pid=24240, tid=8128
#
# JRE version:  (20.0.2+9) (build )
# Java VM: OpenJDK 64-Bit Server VM (20.0.2+9-78, mixed mode, emulated-client, sharing, tiered, compressed oops, compressed class ptrs, g1 gc, windows-amd64)
# No core dump will be written. Minidumps are not enabled by default on client versions of Windows
#

---------------  S U M M A R Y ------------

Command Line: -ea -Dmaven.compiler.source=1.8 -Dmaven.compiler.target=1.8 -XX:+TieredCompilation -XX:TieredStopAtLevel=1 -Dtmc.test_class_dir=C:\Users\marco\3D Objects\NetBeansProjects\mooc-java-programming-ii\part08-Part08_05.TodoList\src\test\java -Dtmc.results_file=C:\Users\marco\3D Objects\NetBeansProjects\mooc-java-programming-ii\part08-Part08_05.TodoList\target\test_output.txt fi.helsinki.cs.tmc.testrunner.Main TodoListTest.classTodoListExists{08-05.1} TodoListTest.theClassTodoListHasConstructorTakingNoParameters{08-05.1} TodoListTest.theClassTodoListHasOnlyOneObjectVariable{08-05.1} TodoListTest.todoListHasRequiredMethods{08-05.1} TodoListTest.theMethodsOfTodoListWorkCorrectly{08-05.1} TodoListTest.classUserInterfaceExists{08-05.2} TodoListTest.theClassUserInterfaceHasConstructorTakingTwoParameters{08-05.2} TodoListTest.theClassUserInterfaceHasMethodStart{08-05.2} TodoListTest.theClassUserInterfaceHasTwoObjectVariables{08-05.2} TodoListTest.testMethodStop{08-05.2} TodoListTest.testCommandAdd{08-05.2} TodoListTest.testCommandList{08-05.2} TodoListTest.testCommandRemove{08-05.2} TodoListTest.testCommandRemove2{08-05.2}

Host: AMD Ryzen 5 3450U with Radeon Vega Mobile Gfx  , 8 cores, 5G,  Windows 10 , 64 bit Build 19041 (10.0.19041.5072)
Time: Thu Dec 12 14:45:11 2024 Hora estándar central (México) elapsed time: 0.040902 seconds (0d 0h 0m 0s)

---------------  T H R E A D  ---------------

Current thread (0x000002201ab5bda0):  JavaThread "Unknown thread" [_thread_in_vm, id=8128, stack(0x000000c60b100000,0x000000c60b200000)]

Stack: [0x000000c60b100000,0x000000c60b200000]
Native frames: (J=compiled Java code, j=interpreted, Vv=VM code, C=native code)
V  [jvm.dll+0x6bc25a]
V  [jvm.dll+0x84971a]
V  [jvm.dll+0x84b315]
V  [jvm.dll+0x84ba13]
V  [jvm.dll+0x280e4f]
V  [jvm.dll+0x6b8fe9]
V  [jvm.dll+0x6adbca]
V  [jvm.dll+0x35b165]
V  [jvm.dll+0x363386]
V  [jvm.dll+0x3b400e]
V  [jvm.dll+0x3b4295]
V  [jvm.dll+0x32b86a]
V  [jvm.dll+0x32c68b]
V  [jvm.dll+0x8123df]
V  [jvm.dll+0x3c1261]
V  [jvm.dll+0x7fe103]
V  [jvm.dll+0x44ccaf]
V  [jvm.dll+0x44e621]
C  [jli.dll+0x5287]
C  [ucrtbase.dll+0x21bb2]
C  [KERNEL32.DLL+0x17374]
C  [ntdll.dll+0x4cc91]


---------------  P R O C E S S  ---------------

Threads class SMR info:
_java_thread_list=0x00007ffb5378b118, length=0, elements={
}

Java Threads: ( => current thread )

Other Threads:
  0x000002201abaa3a0 WorkerThread "GC Thread#0" [stack: 0x000000c60b200000,0x000000c60b300000] [id=7820]
  0x000002201abb6fe0 ConcurrentGCThread "G1 Main Marker" [stack: 0x000000c60b300000,0x000000c60b400000] [id=2688]
  0x000002201abb7920 WorkerThread "G1 Conc#0" [stack: 0x000000c60b400000,0x000000c60b500000] [id=13956]

[error occurred during error reporting (printing all threads), id 0xc0000005, EXCEPTION_ACCESS_VIOLATION (0xc0000005) at pc=0x00007ffb52f6eea7]
VM state: not at safepoint (not fully initialized)

VM Mutex/Monitor currently owned by a thread:  ([mutex/lock_event])
[0x000002201ab55fe0] Heap_lock - owner thread: 0x000002201ab5bda0

Heap address: 0x00000000a1c00000, size: 1508 MB, Compressed Oops mode: 32-bit

CDS archive(s) mapped at: [0x0000000000000000-0x0000000000000000-0x0000000000000000), size 0, SharedBaseAddress: 0x0000000800000000, ArchiveRelocationMode: 1.
Narrow klass base: 0x0000000000000000, Narrow klass shift: 0, Narrow klass range: 0x0

GC Precious Log:
 CardTable entry size: 512
 Card Set container configuration: InlinePtr #cards 5 size 8 Array Of Cards #cards 12 size 40 Howl #buckets 4 coarsen threshold 1843 Howl Bitmap #cards 512 size 80 coarsen threshold 460 Card regions per heap region 1 cards per card region 2048

Heap:
 garbage-first heap   total 0K, used 0K [0x00000000a1c00000, 0x0000000100000000)
  region size 1024K, 0 young (0K), 0 survivors (0K)

[error occurred during error reporting (printing heap information), id 0xc0000005, EXCEPTION_ACCESS_VIOLATION (0xc0000005) at pc=0x00007ffb533447b9]
GC Heap History (0 events):
No events

Dll operation events (1 events):
Event: 0.027 Loaded shared library C:\Cursos\Java\jdk-20.0.2\bin\java.dll

Deoptimization events (0 events):
No events

Classes loaded (0 events):
No events

Classes unloaded (0 events):
No events

Classes redefined (0 events):
No events

Internal exceptions (0 events):
No events

VM Operations (0 events):
No events

Events (0 events):
No events


Dynamic libraries:
0x00007ff7f1560000 - 0x00007ff7f156e000 	C:\Cursos\Java\jdk-20.0.2\bin\java.exe
0x00007ffc0aed0000 - 0x00007ffc0b0c8000 	C:\Windows\SYSTEM32\ntdll.dll
0x00007ffc09430000 - 0x00007ffc094f2000 	C:\Windows\System32\KERNEL32.DLL
0x00007ffc086d0000 - 0x00007ffc089ce000 	C:\Windows\System32\KERNELBASE.dll
0x00007ffc08df0000 - 0x00007ffc08ef0000 	C:\Windows\System32\ucrtbase.dll
0x00007ffbc0bf0000 - 0x00007ffbc0c07000 	C:\Cursos\Java\jdk-20.0.2\bin\jli.dll
0x00007ffc0a330000 - 0x00007ffc0a4cd000 	C:\Windows\System32\USER32.dll
0x00007ffc089d0000 - 0x00007ffc089f2000 	C:\Windows\System32\win32u.dll
0x00007ffc09e90000 - 0x00007ffc09ebb000 	C:\Windows\System32\GDI32.dll
0x00007ffc08aa0000 - 0x00007ffc08bb7000 	C:\Windows\System32\gdi32full.dll
0x00007ffbc1360000 - 0x00007ffbc137b000 	C:\Cursos\Java\jdk-20.0.2\bin\VCRUNTIME140.dll
0x00007ffc08a00000 - 0x00007ffc08a9d000 	C:\Windows\System32\msvcp_win.dll
0x00007ffbf6510000 - 0x00007ffbf67aa000 	C:\Windows\WinSxS\amd64_microsoft.windows.common-controls_6595b64144ccf1df_6.0.19041.4355_none_60b8b9eb71f62e16\COMCTL32.dll
0x00007ffc0a230000 - 0x00007ffc0a2ce000 	C:\Windows\System32\msvcrt.dll
0x00007ffc0ad50000 - 0x00007ffc0ad7f000 	C:\Windows\System32\IMM32.DLL
0x00007ffbcf8f0000 - 0x00007ffbcf8fc000 	C:\Cursos\Java\jdk-20.0.2\bin\vcruntime140_1.dll
0x00007ffbaec30000 - 0x00007ffbaecbe000 	C:\Cursos\Java\jdk-20.0.2\bin\msvcp140.dll
0x00007ffb52c30000 - 0x00007ffb538c8000 	C:\Cursos\Java\jdk-20.0.2\bin\server\jvm.dll
0x00007ffc09370000 - 0x00007ffc09421000 	C:\Windows\System32\ADVAPI32.dll
0x00007ffc0acb0000 - 0x00007ffc0ad4f000 	C:\Windows\System32\sechost.dll
0x00007ffc09fc0000 - 0x00007ffc0a0e3000 	C:\Windows\System32\RPCRT4.dll
0x00007ffc08dc0000 - 0x00007ffc08de7000 	C:\Windows\System32\bcrypt.dll
0x00007ffbfe450000 - 0x00007ffbfe477000 	C:\Windows\SYSTEM32\WINMM.dll
0x00007ffbe6e60000 - 0x00007ffbe6e69000 	C:\Windows\SYSTEM32\WSOCK32.dll
0x00007ffbfe480000 - 0x00007ffbfe48a000 	C:\Windows\SYSTEM32\VERSION.dll
0x00007ffc09250000 - 0x00007ffc092bb000 	C:\Windows\System32\WS2_32.dll
0x00007ffc063f0000 - 0x00007ffc06402000 	C:\Windows\SYSTEM32\kernel.appcore.dll
0x00007ffbcdd00000 - 0x00007ffbcdd0a000 	C:\Cursos\Java\jdk-20.0.2\bin\jimage.dll
0x00007ffc02a30000 - 0x00007ffc02c14000 	C:\Windows\SYSTEM32\DBGHELP.DLL
0x00007ffbf1d20000 - 0x00007ffbf1d54000 	C:\Windows\SYSTEM32\dbgcore.DLL
0x00007ffc08d30000 - 0x00007ffc08db2000 	C:\Windows\System32\bcryptPrimitives.dll
0x00007ffbb2b10000 - 0x00007ffbb2b36000 	C:\Cursos\Java\jdk-20.0.2\bin\java.dll

dbghelp: loaded successfully - version: 4.0.5 - missing functions: none
symbol engine: initialized successfully - sym options: 0x614 - pdb path: .;C:\Cursos\Java\jdk-20.0.2\bin;C:\Windows\SYSTEM32;C:\Windows\WinSxS\amd64_microsoft.windows.common-controls_6595b64144ccf1df_6.0.19041.4355_none_60b8b9eb71f62e16;C:\Cursos\Java\jdk-20.0.2\bin\server

VM Arguments:
jvm_args: -ea -Dmaven.compiler.source=1.8 -Dmaven.compiler.target=1.8 -XX:+TieredCompilation -XX:TieredStopAtLevel=1 -Dtmc.test_class_dir=C:\Users\marco\3D Objects\NetBeansProjects\mooc-java-programming-ii\part08-Part08_05.TodoList\src\test\java -Dtmc.results_file=C:\Users\marco\3D Objects\NetBeansProjects\mooc-java-programming-ii\part08-Part08_05.TodoList\target\test_output.txt 
java_command: fi.helsinki.cs.tmc.testrunner.Main TodoListTest.classTodoListExists{08-05.1} TodoListTest.theClassTodoListHasConstructorTakingNoParameters{08-05.1} TodoListTest.theClassTodoListHasOnlyOneObjectVariable{08-05.1} TodoListTest.todoListHasRequiredMethods{08-05.1} TodoListTest.theMethodsOfTodoListWorkCorrectly{08-05.1} TodoListTest.classUserInterfaceExists{08-05.2} TodoListTest.theClassUserInterfaceHasConstructorTakingTwoParameters{08-05.2} TodoListTest.theClassUserInterfaceHasMethodStart{08-05.2} TodoListTest.theClassUserInterfaceHasTwoObjectVariables{08-05.2} TodoListTest.testMethodStop{08-05.2} TodoListTest.testCommandAdd{08-05.2} TodoListTest.testCommandList{08-05.2} TodoListTest.testCommandRemove{08-05.2} TodoListTest.testCommandRemove2{08-05.2}
java_class_path (initial): C:\Users\marco\.m2\repository\fi\helsinki\cs\tmc\tmc-junit-runner\0.2.8\tmc-junit-runner-0.2.8.jar;C:\Users\marco\3D Objects\NetBeansProjects\mooc-java-programming-ii\part08-Part08_05.TodoList\target\test-classes;C:\Users\marco\3D Objects\NetBeansProjects\mooc-java-programming-ii\part08-Part08_05.TodoList\target\classes;C:\Users\marco\.m2\repository\org\hamcrest\hamcrest-core\1.3\hamcrest-core-1.3.jar;C:\Users\marco\.m2\repository\fi\helsinki\cs\tmc\edu-test-utils\0.4.2\edu-test-utils-0.4.2.jar;C:\Users\marco\.m2\repository\junit\junit\4.12\junit-4.12.jar
Launcher Type: SUN_STANDARD

[Global flags]
     intx CICompilerCount                          = 4                                         {product} {ergonomic}
     uint ConcGCThreads                            = 2                                         {product} {ergonomic}
     uint G1ConcRefinementThreads                  = 8                                         {product} {ergonomic}
   size_t G1HeapRegionSize                         = 1048576                                   {product} {ergonomic}
    uintx GCDrainStackTargetSize                   = 64                                        {product} {ergonomic}
   size_t InitialHeapSize                          = 100663296                                 {product} {ergonomic}
   size_t MarkStackSize                            = 4194304                                   {product} {ergonomic}
   size_t MaxHeapSize                              = 1581252608                                {product} {ergonomic}
   size_t MinHeapDeltaBytes                        = 1048576                                   {product} {ergonomic}
   size_t MinHeapSize                              = 8388608                                   {product} {ergonomic}
    uintx NonProfiledCodeHeapSize                  = 0                                      {pd product} {ergonomic}
     bool ProfileInterpreter                       = false                                  {pd product} {command line}
    uintx ProfiledCodeHeapSize                     = 0                                      {pd product} {ergonomic}
   size_t SoftMaxHeapSize                          = 1581252608                             {manageable} {ergonomic}
     bool TieredCompilation                        = true                                   {pd product} {command line}
     intx TieredStopAtLevel                        = 1                                         {product} {command line}
     bool UseCompressedClassPointers               = true                           {product lp64_product} {ergonomic}
     bool UseCompressedOops                        = true                           {product lp64_product} {ergonomic}
     bool UseG1GC                                  = true                                      {product} {ergonomic}
     bool UseLargePagesIndividualAllocation        = false                                  {pd product} {ergonomic}

Logging:
Log output configuration:
 #0: stdout all=warning uptime,level,tags foldmultilines=false
 #1: stderr all=off uptime,level,tags foldmultilines=false

Environment Variables:
JAVA_HOME=C:\Cursos\Java\jdk-20.0.2
CLASSPATH=C:\Users\marco\.m2\repository\fi\helsinki\cs\tmc\tmc-junit-runner\0.2.8\tmc-junit-runner-0.2.8.jar;C:\Users\marco\3D Objects\NetBeansProjects\mooc-java-programming-ii\part08-Part08_05.TodoList\target\test-classes;C:\Users\marco\3D Objects\NetBeansProjects\mooc-java-programming-ii\part08-Part08_05.TodoList\target\classes;C:\Users\marco\.m2\repository\org\hamcrest\hamcrest-core\1.3\hamcrest-core-1.3.jar;C:\Users\marco\.m2\repository\fi\helsinki\cs\tmc\edu-test-utils\0.4.2\edu-test-utils-0.4.2.jar;C:\Users\marco\.m2\repository\junit\junit\4.12\junit-4.12.jar
PATH=C:\Program Files\Common Files\Oracle\Java\javapath;C:\Program Files\Eclipse Adoptium\jdk-11.0.23.9-hotspot\bin;C:\Program Files (x86)\Common Files\Oracle\Java\java8path;C:\Program Files (x86)\Common Files\Oracle\Java\javapath;C:\Python311\Scripts\;C:\Python311\;C:\Users\marco\OneDrive\Documentos\oracle\bin;C:\Windows\system32;C:\Windows;C:\Windows\System32\Wbem;C:\Windows\System32\WindowsPowerShell\v1.0\;C:\Windows\System32\OpenSSH\;C:\Program Files\dotnet\;C:\Program Files\Microsoft SQL Server\Client SDK\ODBC\170\Tools\Binn\;C:\Program Files (x86)\Microsoft SQL Server\150\Tools\Binn\;C:\Program Files\Microsoft SQL Server\150\Tools\Binn\;C:\Program Files\Microsoft SQL Server\150\DTS\Binn\;C:\Program Files (x86)\Microsoft SQL Server\150\DTS\Binn\;C:\Program Files\Azure Data Studio\bin;C:\Program Files\nodejs\;C:\ProgramData\chocolatey\bin;C:\php;C:\ProgramData\ComposerSetup\bin;C:\Program Files\MySQL\MySQL Server 8.0\bin;C:\Program Files\MySQL\MySQL Shell 8.0\bin\;C:\Users\marco\AppData\Local\Programs\Python\Python310\Scripts\;C:\Users\marco\AppData\Local\Programs\Python\Python310\;C:\Users\marco\AppData\Local\Microsoft\WindowsApps;C:\Users\marco\AppData\Local\Programs\Microsoft VS Code\bin;C:\Program Files\Azure Data Studio\bin;C:\Users\marco\AppData\Roaming\npm;C:\Users\marco\AppData\Roaming\Composer\vendor\bin;C:\Cursos\Java\jdk-20.0.2\bin
USERNAME=marco
OS=Windows_NT
PROCESSOR_IDENTIFIER=AMD64 Family 23 Model 24 Stepping 1, AuthenticAMD
TMP=C:\Users\marco\AppData\Local\Temp
TEMP=C:\Users\marco\AppData\Local\Temp




---------------  S Y S T E M  ---------------

OS:
 Windows 10 , 64 bit Build 19041 (10.0.19041.5072)
OS uptime: 0 days 19:52 hours

CPU: total 8 (initial active 8) (8 cores per cpu, 2 threads per core) family 23 model 24 stepping 1 microcode 0x0, cx8, cmov, fxsr, ht, mmx, 3dnowpref, sse, sse2, sse3, ssse3, sse4a, sse4.1, sse4.2, popcnt, lzcnt, tsc, tscinvbit, avx, avx2, aes, clmul, bmi1, bmi2, adx, sha, fma, vzeroupper, clflush, clflushopt, rdtscp, f16c

Memory: 4k page, system-wide physical 6030M (770M free)
TotalPageFile size 17989M (AvailPageFile size 85M)
current process WorkingSet (physical memory assigned to process): 10M, peak: 10M
current process commit charge ("private bytes"): 55M, peak: 151M

vm_info: OpenJDK 64-Bit Server VM (20.0.2+9-78) for windows-amd64 JRE (20.0.2+9-78), built on 2023-06-14T10:08:48Z by "mach5one" with MS VC++ 17.1 (VS2022)

END.
